2016-01-19 12:06:38,710 [Worker-2] INFO  o.e.m.c.i.l.LifecycleMappingFactory - Using org.maven.ide.eclipse.wtp.WarLifecycleMapping lifecycle mapping for MavenProject: capstone:capstone:0.0.1-SNAPSHOT @ /Users/OneDeep/Documents/Capstone/capstone/capstone/pom.xml.
2016-01-19 12:06:41,342 [Worker-0] WARN  o.e.m.c.i.embedder.EclipseLogger - Using platform encoding (UTF-8 actually) to copy filtered resources, i.e. build is platform dependent!
2016-01-19 12:06:41,346 [Worker-0] INFO  o.e.m.c.i.embedder.EclipseLogger - skip non existing resourceDirectory /Users/OneDeep/Documents/Capstone/capstone/capstone/src/main/resources
2016-01-19 12:06:41,351 [Worker-0] WARN  o.e.m.c.i.embedder.EclipseLogger - Using platform encoding (UTF-8 actually) to copy filtered resources, i.e. build is platform dependent!
2016-01-19 12:06:41,352 [Worker-0] INFO  o.e.m.c.i.embedder.EclipseLogger - skip non existing resourceDirectory /Users/OneDeep/Documents/Capstone/capstone/capstone/src/test/resources
2016-01-19 12:06:41,379 [Worker-2] INFO  o.e.m.j.i.AbstractJavaProjectConfigurator - Adding source folder /capstone/src
2016-01-19 12:06:41,380 [Worker-2] INFO  o.e.m.j.i.AbstractJavaProjectConfigurator - Not adding source folder /capstone/src/test/java because it overlaps with /capstone/src
2016-01-19 12:06:42,299 [Worker-2] INFO  o.e.m.c.i.p.ProjectConfigurationManager - Update started
2016-01-19 12:06:42,846 [Worker-2] INFO  o.e.m.c.i.l.LifecycleMappingFactory - Using org.maven.ide.eclipse.wtp.WarLifecycleMapping lifecycle mapping for MavenProject: capstone:capstone:0.0.1-SNAPSHOT @ /Users/OneDeep/Documents/Capstone/capstone/capstone/pom.xml.
2016-01-19 12:06:44,169 [Worker-7] WARN  o.e.m.c.i.embedder.EclipseLogger - Using platform encoding (UTF-8 actually) to copy filtered resources, i.e. build is platform dependent!
2016-01-19 12:06:44,172 [Worker-7] INFO  o.e.m.c.i.embedder.EclipseLogger - skip non existing resourceDirectory /Users/OneDeep/Documents/Capstone/capstone/capstone/src/main/resources
2016-01-19 12:06:44,175 [Worker-7] WARN  o.e.m.c.i.embedder.EclipseLogger - Using platform encoding (UTF-8 actually) to copy filtered resources, i.e. build is platform dependent!
2016-01-19 12:06:44,175 [Worker-7] INFO  o.e.m.c.i.embedder.EclipseLogger - skip non existing resourceDirectory /Users/OneDeep/Documents/Capstone/capstone/capstone/src/test/resources
2016-01-19 12:06:44,176 [Worker-7] INFO  o.e.m.w.i.f.ResourceFilteringBuildParticipant - Changed resources require a complete clean of filtered resources of capstone
2016-01-19 12:06:44,177 [Worker-7] INFO  o.e.m.w.i.f.ResourceFilteringBuildParticipant - Executing resource filtering for capstone
2016-01-19 12:06:44,216 [Worker-7] WARN  o.e.m.c.i.embedder.EclipseLogger - Using platform encoding (UTF-8 actually) to copy filtered resources, i.e. build is platform dependent!
2016-01-19 12:06:44,263 [Worker-2] INFO  o.e.m.j.i.AbstractJavaProjectConfigurator - Adding source folder /capstone/src
2016-01-19 12:06:44,264 [Worker-2] INFO  o.e.m.j.i.AbstractJavaProjectConfigurator - Not adding source folder /capstone/src/test/java because it overlaps with /capstone/src
2016-01-19 12:06:44,793 [Worker-2] INFO  o.e.m.w.i.f.ResourceFilteringBuildParticipant - Cleaning filtered folder for capstone
2016-01-19 12:06:44,878 [Worker-2] INFO  o.e.m.c.i.p.ProjectConfigurationManager - Update completed: 2 sec
2016-01-19 12:06:45,264 [Worker-5] WARN  o.e.m.c.i.embedder.EclipseLogger - Using platform encoding (UTF-8 actually) to copy filtered resources, i.e. build is platform dependent!
2016-01-19 12:06:45,265 [Worker-5] INFO  o.e.m.c.i.embedder.EclipseLogger - skip non existing resourceDirectory /Users/OneDeep/Documents/Capstone/capstone/capstone/src/main/resources
2016-01-19 12:06:45,268 [Worker-5] WARN  o.e.m.c.i.embedder.EclipseLogger - Using platform encoding (UTF-8 actually) to copy filtered resources, i.e. build is platform dependent!
2016-01-19 12:06:45,268 [Worker-5] INFO  o.e.m.c.i.embedder.EclipseLogger - skip non existing resourceDirectory /Users/OneDeep/Documents/Capstone/capstone/capstone/src/test/resources
2016-01-19 12:09:29,893 [Worker-6] WARN  o.e.m.c.i.embedder.EclipseLogger - Using platform encoding (UTF-8 actually) to copy filtered resources, i.e. build is platform dependent!
2016-01-19 12:09:29,903 [Worker-6] INFO  o.e.m.c.i.embedder.EclipseLogger - skip non existing resourceDirectory /Users/OneDeep/Documents/Capstone/capstone/capstone/src/main/resources
2016-01-19 12:09:29,910 [Worker-6] WARN  o.e.m.c.i.embedder.EclipseLogger - Using platform encoding (UTF-8 actually) to copy filtered resources, i.e. build is platform dependent!
2016-01-19 12:09:29,915 [Worker-6] INFO  o.e.m.c.i.embedder.EclipseLogger - skip non existing resourceDirectory /Users/OneDeep/Documents/Capstone/capstone/capstone/src/test/resources
2016-01-19 12:09:46,449 [Worker-0] WARN  o.e.m.c.i.embedder.EclipseLogger - Using platform encoding (UTF-8 actually) to copy filtered resources, i.e. build is platform dependent!
2016-01-19 12:09:46,450 [Worker-0] INFO  o.e.m.c.i.embedder.EclipseLogger - skip non existing resourceDirectory /Users/OneDeep/Documents/Capstone/capstone/capstone/src/main/resources
2016-01-19 12:09:46,452 [Worker-0] WARN  o.e.m.c.i.embedder.EclipseLogger - Using platform encoding (UTF-8 actually) to copy filtered resources, i.e. build is platform dependent!
2016-01-19 12:09:46,453 [Worker-0] INFO  o.e.m.c.i.embedder.EclipseLogger - skip non existing resourceDirectory /Users/OneDeep/Documents/Capstone/capstone/capstone/src/test/resources
2016-01-19 12:11:49,760 [Worker-3] WARN  o.e.m.c.i.embedder.EclipseLogger - Using platform encoding (UTF-8 actually) to copy filtered resources, i.e. build is platform dependent!
2016-01-19 12:11:49,761 [Worker-3] INFO  o.e.m.c.i.embedder.EclipseLogger - skip non existing resourceDirectory /Users/OneDeep/Documents/Capstone/capstone/capstone/src/main/resources
2016-01-19 12:11:49,764 [Worker-3] WARN  o.e.m.c.i.embedder.EclipseLogger - Using platform encoding (UTF-8 actually) to copy filtered resources, i.e. build is platform dependent!
2016-01-19 12:11:49,765 [Worker-3] INFO  o.e.m.c.i.embedder.EclipseLogger - skip non existing resourceDirectory /Users/OneDeep/Documents/Capstone/capstone/capstone/src/test/resources
2016-01-19 12:11:59,973 [Worker-9] WARN  o.e.m.c.i.embedder.EclipseLogger - Using platform encoding (UTF-8 actually) to copy filtered resources, i.e. build is platform dependent!
2016-01-19 12:11:59,974 [Worker-9] INFO  o.e.m.c.i.embedder.EclipseLogger - skip non existing resourceDirectory /Users/OneDeep/Documents/Capstone/capstone/capstone/src/main/resources
2016-01-19 12:11:59,976 [Worker-9] WARN  o.e.m.c.i.embedder.EclipseLogger - Using platform encoding (UTF-8 actually) to copy filtered resources, i.e. build is platform dependent!
2016-01-19 12:11:59,977 [Worker-9] INFO  o.e.m.c.i.embedder.EclipseLogger - skip non existing resourceDirectory /Users/OneDeep/Documents/Capstone/capstone/capstone/src/test/resources
2016-01-19 12:23:14,057 [Worker-0] INFO  o.e.m.c.i.l.LifecycleMappingFactory - Using org.maven.ide.eclipse.wtp.WarLifecycleMapping lifecycle mapping for MavenProject: JPA_1:JPA_1:0.0.1-SNAPSHOT @ /Users/OneDeep/Documents/Programing/eclipse/SpringWork/JPA_1/pom.xml.
2016-01-19 12:23:16,800 [Worker-0] WARN  o.e.m.c.i.embedder.EclipseLogger - Using platform encoding (UTF-8 actually) to copy filtered resources, i.e. build is platform dependent!
2016-01-19 12:23:16,801 [Worker-0] INFO  o.e.m.c.i.embedder.EclipseLogger - skip non existing resourceDirectory /Users/OneDeep/Documents/Programing/eclipse/SpringWork/JPA_1/src/main/resources
2016-01-19 12:23:16,804 [Worker-0] WARN  o.e.m.c.i.embedder.EclipseLogger - Using platform encoding (UTF-8 actually) to copy filtered resources, i.e. build is platform dependent!
2016-01-19 12:23:16,804 [Worker-0] INFO  o.e.m.c.i.embedder.EclipseLogger - skip non existing resourceDirectory /Users/OneDeep/Documents/Programing/eclipse/SpringWork/JPA_1/src/test/resources
2016-01-19 12:23:17,588 [Worker-9] WARN  o.e.m.c.i.embedder.EclipseLogger - Using platform encoding (UTF-8 actually) to copy filtered resources, i.e. build is platform dependent!
2016-01-19 12:23:17,589 [Worker-9] INFO  o.e.m.c.i.embedder.EclipseLogger - skip non existing resourceDirectory /Users/OneDeep/Documents/Programing/eclipse/SpringWork/JPA_1/src/main/resources
2016-01-19 12:23:17,591 [Worker-9] WARN  o.e.m.c.i.embedder.EclipseLogger - Using platform encoding (UTF-8 actually) to copy filtered resources, i.e. build is platform dependent!
2016-01-19 12:23:17,592 [Worker-9] INFO  o.e.m.c.i.embedder.EclipseLogger - skip non existing resourceDirectory /Users/OneDeep/Documents/Programing/eclipse/SpringWork/JPA_1/src/test/resources
2016-01-19 12:23:19,814 [Worker-8] WARN  o.e.m.c.i.embedder.EclipseLogger - Using platform encoding (UTF-8 actually) to copy filtered resources, i.e. build is platform dependent!
2016-01-19 12:23:19,830 [Worker-8] INFO  o.e.m.c.i.embedder.EclipseLogger - skip non existing resourceDirectory /Users/OneDeep/Documents/Programing/eclipse/SpringWork/JPA_1/src/main/resources
2016-01-19 12:23:19,831 [Worker-8] WARN  o.e.m.c.i.embedder.EclipseLogger - Using platform encoding (UTF-8 actually) to copy filtered resources, i.e. build is platform dependent!
2016-01-19 12:23:19,832 [Worker-8] INFO  o.e.m.c.i.embedder.EclipseLogger - skip non existing resourceDirectory /Users/OneDeep/Documents/Programing/eclipse/SpringWork/JPA_1/src/test/resources
2016-01-19 13:21:04,761 [Worker-24] INFO  o.e.m.c.i.l.LifecycleMappingFactory - Using org.maven.ide.eclipse.wtp.WarLifecycleMapping lifecycle mapping for MavenProject: capstone:capstone:0.0.1-SNAPSHOT @ /Users/OneDeep/Documents/Capstone/capstone/capstone/pom.xml.
2016-01-19 13:21:05,167 [Worker-24] WARN  o.e.m.c.i.embedder.EclipseLogger - Using platform encoding (UTF-8 actually) to copy filtered resources, i.e. build is platform dependent!
2016-01-19 13:21:05,168 [Worker-24] INFO  o.e.m.c.i.embedder.EclipseLogger - skip non existing resourceDirectory /Users/OneDeep/Documents/Capstone/capstone/capstone/src/main/resources
2016-01-19 13:21:05,173 [Worker-24] WARN  o.e.m.c.i.embedder.EclipseLogger - Using platform encoding (UTF-8 actually) to copy filtered resources, i.e. build is platform dependent!
2016-01-19 13:21:05,175 [Worker-24] INFO  o.e.m.c.i.embedder.EclipseLogger - skip non existing resourceDirectory /Users/OneDeep/Documents/Capstone/capstone/capstone/src/test/resources
2016-01-19 13:21:05,176 [Worker-24] INFO  o.e.m.w.i.f.ResourceFilteringBuildParticipant - Changed resources require a complete clean of filtered resources of capstone
2016-01-19 13:21:05,176 [Worker-24] INFO  o.e.m.w.i.f.ResourceFilteringBuildParticipant - Executing resource filtering for capstone
2016-01-19 13:21:05,197 [Worker-24] WARN  o.e.m.c.i.embedder.EclipseLogger - Using platform encoding (UTF-8 actually) to copy filtered resources, i.e. build is platform dependent!
2016-01-19 13:21:39,372 [Worker-0] WARN  o.e.m.c.i.embedder.EclipseLogger - Using platform encoding (UTF-8 actually) to copy filtered resources, i.e. build is platform dependent!
2016-01-19 13:21:39,373 [Worker-0] INFO  o.e.m.c.i.embedder.EclipseLogger - skip non existing resourceDirectory /Users/OneDeep/Documents/Capstone/capstone/capstone/src/main/resources
2016-01-19 13:21:39,375 [Worker-0] WARN  o.e.m.c.i.embedder.EclipseLogger - Using platform encoding (UTF-8 actually) to copy filtered resources, i.e. build is platform dependent!
2016-01-19 13:21:39,376 [Worker-0] INFO  o.e.m.c.i.embedder.EclipseLogger - skip non existing resourceDirectory /Users/OneDeep/Documents/Capstone/capstone/capstone/src/test/resources
2016-01-19 13:23:09,943 [Worker-0] INFO  o.e.m.c.i.l.LifecycleMappingFactory - Using org.maven.ide.eclipse.wtp.WarLifecycleMapping lifecycle mapping for MavenProject: capstone:capstone:0.0.1-SNAPSHOT @ /Users/OneDeep/Documents/Capstone/capstone/capstone/pom.xml.
2016-01-19 13:23:10,858 [Worker-0] WARN  o.e.m.c.i.embedder.EclipseLogger - Using platform encoding (UTF-8 actually) to copy filtered resources, i.e. build is platform dependent!
2016-01-19 13:23:10,859 [Worker-0] INFO  o.e.m.c.i.embedder.EclipseLogger - skip non existing resourceDirectory /Users/OneDeep/Documents/Capstone/capstone/capstone/src/main/resources
2016-01-19 13:23:10,860 [Worker-0] WARN  o.e.m.c.i.embedder.EclipseLogger - Using platform encoding (UTF-8 actually) to copy filtered resources, i.e. build is platform dependent!
2016-01-19 13:23:10,861 [Worker-0] INFO  o.e.m.c.i.embedder.EclipseLogger - skip non existing resourceDirectory /Users/OneDeep/Documents/Capstone/capstone/capstone/src/test/resources
2016-01-19 13:23:10,861 [Worker-0] INFO  o.e.m.w.i.f.ResourceFilteringBuildParticipant - Changed resources require a complete clean of filtered resources of capstone
2016-01-19 13:23:10,861 [Worker-0] INFO  o.e.m.w.i.f.ResourceFilteringBuildParticipant - Executing resource filtering for capstone
2016-01-19 13:23:10,867 [Worker-0] WARN  o.e.m.c.i.embedder.EclipseLogger - Using platform encoding (UTF-8 actually) to copy filtered resources, i.e. build is platform dependent!
2016-01-19 13:23:12,563 [Worker-22] WARN  o.e.m.c.i.embedder.EclipseLogger - Using platform encoding (UTF-8 actually) to copy filtered resources, i.e. build is platform dependent!
2016-01-19 13:23:12,568 [Worker-22] INFO  o.e.m.c.i.embedder.EclipseLogger - skip non existing resourceDirectory /Users/OneDeep/Documents/Capstone/capstone/capstone/src/main/resources
2016-01-19 13:23:12,587 [Worker-22] WARN  o.e.m.c.i.embedder.EclipseLogger - Using platform encoding (UTF-8 actually) to copy filtered resources, i.e. build is platform dependent!
2016-01-19 13:23:12,588 [Worker-22] INFO  o.e.m.c.i.embedder.EclipseLogger - skip non existing resourceDirectory /Users/OneDeep/Documents/Capstone/capstone/capstone/src/test/resources
2016-01-19 13:23:47,092 [Worker-26] WARN  o.e.m.c.i.embedder.EclipseLogger - Using platform encoding (UTF-8 actually) to copy filtered resources, i.e. build is platform dependent!
2016-01-19 13:23:47,096 [Worker-26] INFO  o.e.m.c.i.embedder.EclipseLogger - skip non existing resourceDirectory /Users/OneDeep/Documents/Capstone/capstone/capstone/src/main/resources
2016-01-19 13:23:47,097 [Worker-26] WARN  o.e.m.c.i.embedder.EclipseLogger - Using platform encoding (UTF-8 actually) to copy filtered resources, i.e. build is platform dependent!
2016-01-19 13:23:47,098 [Worker-26] INFO  o.e.m.c.i.embedder.EclipseLogger - skip non existing resourceDirectory /Users/OneDeep/Documents/Capstone/capstone/capstone/src/test/resources
2016-01-19 13:24:16,858 [Worker-25] WARN  o.e.m.c.i.embedder.EclipseLogger - Using platform encoding (UTF-8 actually) to copy filtered resources, i.e. build is platform dependent!
2016-01-19 13:24:16,859 [Worker-25] INFO  o.e.m.c.i.embedder.EclipseLogger - skip non existing resourceDirectory /Users/OneDeep/Documents/Capstone/capstone/capstone/src/main/resources
2016-01-19 13:24:16,860 [Worker-25] WARN  o.e.m.c.i.embedder.EclipseLogger - Using platform encoding (UTF-8 actually) to copy filtered resources, i.e. build is platform dependent!
2016-01-19 13:24:16,861 [Worker-25] INFO  o.e.m.c.i.embedder.EclipseLogger - skip non existing resourceDirectory /Users/OneDeep/Documents/Capstone/capstone/capstone/src/test/resources
2016-01-19 13:24:52,939 [Worker-22] WARN  o.e.m.c.i.embedder.EclipseLogger - Using platform encoding (UTF-8 actually) to copy filtered resources, i.e. build is platform dependent!
2016-01-19 13:24:52,940 [Worker-22] INFO  o.e.m.c.i.embedder.EclipseLogger - skip non existing resourceDirectory /Users/OneDeep/Documents/Capstone/capstone/capstone/src/main/resources
2016-01-19 13:24:52,944 [Worker-22] WARN  o.e.m.c.i.embedder.EclipseLogger - Using platform encoding (UTF-8 actually) to copy filtered resources, i.e. build is platform dependent!
2016-01-19 13:24:52,945 [Worker-22] INFO  o.e.m.c.i.embedder.EclipseLogger - skip non existing resourceDirectory /Users/OneDeep/Documents/Capstone/capstone/capstone/src/test/resources
2016-01-19 13:30:56,881 [Worker-0] WARN  o.e.m.c.i.embedder.EclipseLogger - Using platform encoding (UTF-8 actually) to copy filtered resources, i.e. build is platform dependent!
2016-01-19 13:30:56,885 [Worker-0] INFO  o.e.m.c.i.embedder.EclipseLogger - skip non existing resourceDirectory /Users/OneDeep/Documents/Capstone/capstone/capstone/src/main/resources
2016-01-19 13:30:56,886 [Worker-0] WARN  o.e.m.c.i.embedder.EclipseLogger - Using platform encoding (UTF-8 actually) to copy filtered resources, i.e. build is platform dependent!
2016-01-19 13:30:56,887 [Worker-0] INFO  o.e.m.c.i.embedder.EclipseLogger - skip non existing resourceDirectory /Users/OneDeep/Documents/Capstone/capstone/capstone/src/test/resources
2016-01-19 13:41:03,292 [Worker-26] WARN  o.e.m.c.i.embedder.EclipseLogger - Using platform encoding (UTF-8 actually) to copy filtered resources, i.e. build is platform dependent!
2016-01-19 13:41:03,296 [Worker-26] INFO  o.e.m.c.i.embedder.EclipseLogger - skip non existing resourceDirectory /Users/OneDeep/Documents/Capstone/capstone/capstone/src/main/resources
2016-01-19 13:41:03,298 [Worker-26] WARN  o.e.m.c.i.embedder.EclipseLogger - Using platform encoding (UTF-8 actually) to copy filtered resources, i.e. build is platform dependent!
2016-01-19 13:41:03,301 [Worker-26] INFO  o.e.m.c.i.embedder.EclipseLogger - skip non existing resourceDirectory /Users/OneDeep/Documents/Capstone/capstone/capstone/src/test/resources
2016-01-19 13:45:45,814 [Worker-4] WARN  o.e.m.c.i.embedder.EclipseLogger - Using platform encoding (UTF-8 actually) to copy filtered resources, i.e. build is platform dependent!
2016-01-19 13:45:45,821 [Worker-4] INFO  o.e.m.c.i.embedder.EclipseLogger - skip non existing resourceDirectory /Users/OneDeep/Documents/Programing/eclipse/SpringWork/JPA_1/src/main/resources
2016-01-19 13:45:45,824 [Worker-4] WARN  o.e.m.c.i.embedder.EclipseLogger - Using platform encoding (UTF-8 actually) to copy filtered resources, i.e. build is platform dependent!
2016-01-19 13:45:45,825 [Worker-4] INFO  o.e.m.c.i.embedder.EclipseLogger - skip non existing resourceDirectory /Users/OneDeep/Documents/Programing/eclipse/SpringWork/JPA_1/src/test/resources
2016-01-19 13:45:47,007 [Worker-3] WARN  o.e.m.c.i.embedder.EclipseLogger - Using platform encoding (UTF-8 actually) to copy filtered resources, i.e. build is platform dependent!
2016-01-19 13:45:47,008 [Worker-3] INFO  o.e.m.c.i.embedder.EclipseLogger - skip non existing resourceDirectory /Users/OneDeep/Documents/Capstone/capstone/capstone/src/main/resources
2016-01-19 13:45:47,012 [Worker-3] WARN  o.e.m.c.i.embedder.EclipseLogger - Using platform encoding (UTF-8 actually) to copy filtered resources, i.e. build is platform dependent!
2016-01-19 13:45:47,013 [Worker-3] INFO  o.e.m.c.i.embedder.EclipseLogger - skip non existing resourceDirectory /Users/OneDeep/Documents/Capstone/capstone/capstone/src/test/resources
2016-01-19 13:49:47,389 [Worker-5] WARN  o.e.m.c.i.embedder.EclipseLogger - Using platform encoding (UTF-8 actually) to copy filtered resources, i.e. build is platform dependent!
2016-01-19 13:49:47,391 [Worker-5] INFO  o.e.m.c.i.embedder.EclipseLogger - skip non existing resourceDirectory /Users/OneDeep/Documents/Capstone/capstone/capstone/src/main/resources
2016-01-19 13:49:47,396 [Worker-5] WARN  o.e.m.c.i.embedder.EclipseLogger - Using platform encoding (UTF-8 actually) to copy filtered resources, i.e. build is platform dependent!
2016-01-19 13:49:47,397 [Worker-5] INFO  o.e.m.c.i.embedder.EclipseLogger - skip non existing resourceDirectory /Users/OneDeep/Documents/Capstone/capstone/capstone/src/test/resources
2016-01-19 13:52:31,966 [Worker-2] WARN  o.e.m.c.i.embedder.EclipseLogger - Using platform encoding (UTF-8 actually) to copy filtered resources, i.e. build is platform dependent!
2016-01-19 13:52:31,967 [Worker-2] INFO  o.e.m.c.i.embedder.EclipseLogger - skip non existing resourceDirectory /Users/OneDeep/Documents/Capstone/capstone/capstone/src/main/resources
2016-01-19 13:52:31,968 [Worker-2] WARN  o.e.m.c.i.embedder.EclipseLogger - Using platform encoding (UTF-8 actually) to copy filtered resources, i.e. build is platform dependent!
2016-01-19 13:52:31,969 [Worker-2] INFO  o.e.m.c.i.embedder.EclipseLogger - skip non existing resourceDirectory /Users/OneDeep/Documents/Capstone/capstone/capstone/src/test/resources
2016-01-19 13:53:27,011 [Worker-4] WARN  o.e.m.c.i.embedder.EclipseLogger - Using platform encoding (UTF-8 actually) to copy filtered resources, i.e. build is platform dependent!
2016-01-19 13:53:27,012 [Worker-4] INFO  o.e.m.c.i.embedder.EclipseLogger - skip non existing resourceDirectory /Users/OneDeep/Documents/Capstone/capstone/capstone/src/main/resources
2016-01-19 13:53:27,014 [Worker-4] WARN  o.e.m.c.i.embedder.EclipseLogger - Using platform encoding (UTF-8 actually) to copy filtered resources, i.e. build is platform dependent!
2016-01-19 13:53:27,015 [Worker-4] INFO  o.e.m.c.i.embedder.EclipseLogger - skip non existing resourceDirectory /Users/OneDeep/Documents/Capstone/capstone/capstone/src/test/resources
2016-01-19 13:54:31,510 [Worker-0] WARN  o.e.m.c.i.embedder.EclipseLogger - Using platform encoding (UTF-8 actually) to copy filtered resources, i.e. build is platform dependent!
2016-01-19 13:54:31,512 [Worker-0] INFO  o.e.m.c.i.embedder.EclipseLogger - skip non existing resourceDirectory /Users/OneDeep/Documents/Capstone/capstone/capstone/src/main/resources
2016-01-19 13:54:31,513 [Worker-0] WARN  o.e.m.c.i.embedder.EclipseLogger - Using platform encoding (UTF-8 actually) to copy filtered resources, i.e. build is platform dependent!
2016-01-19 13:54:31,514 [Worker-0] INFO  o.e.m.c.i.embedder.EclipseLogger - skip non existing resourceDirectory /Users/OneDeep/Documents/Capstone/capstone/capstone/src/test/resources
2016-01-19 13:58:28,011 [Worker-1] WARN  o.e.m.c.i.embedder.EclipseLogger - Using platform encoding (UTF-8 actually) to copy filtered resources, i.e. build is platform dependent!
2016-01-19 13:58:28,012 [Worker-1] INFO  o.e.m.c.i.embedder.EclipseLogger - skip non existing resourceDirectory /Users/OneDeep/Documents/Capstone/capstone/capstone/src/main/resources
2016-01-19 13:58:28,014 [Worker-1] WARN  o.e.m.c.i.embedder.EclipseLogger - Using platform encoding (UTF-8 actually) to copy filtered resources, i.e. build is platform dependent!
2016-01-19 13:58:28,019 [Worker-1] INFO  o.e.m.c.i.embedder.EclipseLogger - skip non existing resourceDirectory /Users/OneDeep/Documents/Capstone/capstone/capstone/src/test/resources
2016-01-19 14:22:58,963 [Worker-13] WARN  o.e.m.c.i.embedder.EclipseLogger - Using platform encoding (UTF-8 actually) to copy filtered resources, i.e. build is platform dependent!
2016-01-19 14:22:58,968 [Worker-13] INFO  o.e.m.c.i.embedder.EclipseLogger - skip non existing resourceDirectory /Users/OneDeep/Documents/Capstone/capstone/capstone/src/main/resources
2016-01-19 14:22:58,970 [Worker-13] WARN  o.e.m.c.i.embedder.EclipseLogger - Using platform encoding (UTF-8 actually) to copy filtered resources, i.e. build is platform dependent!
2016-01-19 14:22:58,971 [Worker-13] INFO  o.e.m.c.i.embedder.EclipseLogger - skip non existing resourceDirectory /Users/OneDeep/Documents/Capstone/capstone/capstone/src/test/resources
2016-01-19 14:31:57,258 [Worker-0] WARN  o.e.m.c.i.embedder.EclipseLogger - Using platform encoding (UTF-8 actually) to copy filtered resources, i.e. build is platform dependent!
2016-01-19 14:31:57,261 [Worker-0] INFO  o.e.m.c.i.embedder.EclipseLogger - skip non existing resourceDirectory /Users/OneDeep/Documents/Capstone/capstone/capstone/src/main/resources
2016-01-19 14:31:57,264 [Worker-0] WARN  o.e.m.c.i.embedder.EclipseLogger - Using platform encoding (UTF-8 actually) to copy filtered resources, i.e. build is platform dependent!
2016-01-19 14:31:57,276 [Worker-0] INFO  o.e.m.c.i.embedder.EclipseLogger - skip non existing resourceDirectory /Users/OneDeep/Documents/Capstone/capstone/capstone/src/test/resources
2016-01-19 14:33:22,589 [Worker-15] WARN  o.e.m.c.i.embedder.EclipseLogger - Using platform encoding (UTF-8 actually) to copy filtered resources, i.e. build is platform dependent!
2016-01-19 14:33:22,591 [Worker-15] INFO  o.e.m.c.i.embedder.EclipseLogger - skip non existing resourceDirectory /Users/OneDeep/Documents/Capstone/capstone/capstone/src/main/resources
2016-01-19 14:33:22,593 [Worker-15] WARN  o.e.m.c.i.embedder.EclipseLogger - Using platform encoding (UTF-8 actually) to copy filtered resources, i.e. build is platform dependent!
2016-01-19 14:33:22,593 [Worker-15] INFO  o.e.m.c.i.embedder.EclipseLogger - skip non existing resourceDirectory /Users/OneDeep/Documents/Capstone/capstone/capstone/src/test/resources
2016-01-19 14:33:48,797 [Worker-11] WARN  o.e.m.c.i.embedder.EclipseLogger - Using platform encoding (UTF-8 actually) to copy filtered resources, i.e. build is platform dependent!
2016-01-19 14:33:48,807 [Worker-11] INFO  o.e.m.c.i.embedder.EclipseLogger - skip non existing resourceDirectory /Users/OneDeep/Documents/Capstone/capstone/capstone/src/main/resources
2016-01-19 14:33:48,809 [Worker-11] WARN  o.e.m.c.i.embedder.EclipseLogger - Using platform encoding (UTF-8 actually) to copy filtered resources, i.e. build is platform dependent!
2016-01-19 14:33:48,810 [Worker-11] INFO  o.e.m.c.i.embedder.EclipseLogger - skip non existing resourceDirectory /Users/OneDeep/Documents/Capstone/capstone/capstone/src/test/resources
2016-01-19 14:35:35,986 [Worker-11] WARN  o.e.m.c.i.embedder.EclipseLogger - Using platform encoding (UTF-8 actually) to copy filtered resources, i.e. build is platform dependent!
2016-01-19 14:35:35,991 [Worker-11] INFO  o.e.m.c.i.embedder.EclipseLogger - skip non existing resourceDirectory /Users/OneDeep/Documents/Capstone/capstone/capstone/src/main/resources
2016-01-19 14:35:35,993 [Worker-11] WARN  o.e.m.c.i.embedder.EclipseLogger - Using platform encoding (UTF-8 actually) to copy filtered resources, i.e. build is platform dependent!
2016-01-19 14:35:35,994 [Worker-11] INFO  o.e.m.c.i.embedder.EclipseLogger - skip non existing resourceDirectory /Users/OneDeep/Documents/Capstone/capstone/capstone/src/test/resources
2016-01-19 15:30:22,444 [Worker-24] WARN  o.e.m.c.i.embedder.EclipseLogger - Using platform encoding (UTF-8 actually) to copy filtered resources, i.e. build is platform dependent!
2016-01-19 15:30:22,450 [Worker-24] INFO  o.e.m.c.i.embedder.EclipseLogger - skip non existing resourceDirectory /Users/OneDeep/Documents/Capstone/capstone/capstone/src/main/resources
2016-01-19 15:30:22,463 [Worker-24] WARN  o.e.m.c.i.embedder.EclipseLogger - Using platform encoding (UTF-8 actually) to copy filtered resources, i.e. build is platform dependent!
2016-01-19 15:30:22,464 [Worker-24] INFO  o.e.m.c.i.embedder.EclipseLogger - skip non existing resourceDirectory /Users/OneDeep/Documents/Capstone/capstone/capstone/src/test/resources
2016-01-19 15:39:08,406 [Worker-18] WARN  o.e.m.c.i.embedder.EclipseLogger - Using platform encoding (UTF-8 actually) to copy filtered resources, i.e. build is platform dependent!
2016-01-19 15:39:08,408 [Worker-18] INFO  o.e.m.c.i.embedder.EclipseLogger - skip non existing resourceDirectory /Users/OneDeep/Documents/Capstone/capstone/capstone/src/main/resources
2016-01-19 15:39:08,413 [Worker-18] WARN  o.e.m.c.i.embedder.EclipseLogger - Using platform encoding (UTF-8 actually) to copy filtered resources, i.e. build is platform dependent!
2016-01-19 15:39:08,413 [Worker-18] INFO  o.e.m.c.i.embedder.EclipseLogger - skip non existing resourceDirectory /Users/OneDeep/Documents/Capstone/capstone/capstone/src/test/resources
2016-01-19 15:41:14,838 [Worker-0] WARN  o.e.m.c.i.embedder.EclipseLogger - Using platform encoding (UTF-8 actually) to copy filtered resources, i.e. build is platform dependent!
2016-01-19 15:41:14,839 [Worker-0] INFO  o.e.m.c.i.embedder.EclipseLogger - skip non existing resourceDirectory /Users/OneDeep/Documents/Capstone/capstone/capstone/src/main/resources
2016-01-19 15:41:14,841 [Worker-0] WARN  o.e.m.c.i.embedder.EclipseLogger - Using platform encoding (UTF-8 actually) to copy filtered resources, i.e. build is platform dependent!
2016-01-19 15:41:14,841 [Worker-0] INFO  o.e.m.c.i.embedder.EclipseLogger - skip non existing resourceDirectory /Users/OneDeep/Documents/Capstone/capstone/capstone/src/test/resources
2016-01-19 15:46:13,807 [Worker-18] WARN  o.e.m.c.i.embedder.EclipseLogger - Using platform encoding (UTF-8 actually) to copy filtered resources, i.e. build is platform dependent!
2016-01-19 15:46:13,809 [Worker-18] INFO  o.e.m.c.i.embedder.EclipseLogger - skip non existing resourceDirectory /Users/OneDeep/Documents/Capstone/capstone/capstone/src/main/resources
2016-01-19 15:46:13,811 [Worker-18] WARN  o.e.m.c.i.embedder.EclipseLogger - Using platform encoding (UTF-8 actually) to copy filtered resources, i.e. build is platform dependent!
2016-01-19 15:46:13,814 [Worker-18] INFO  o.e.m.c.i.embedder.EclipseLogger - skip non existing resourceDirectory /Users/OneDeep/Documents/Capstone/capstone/capstone/src/test/resources
2016-01-19 15:46:20,977 [Worker-26] WARN  o.e.m.c.i.embedder.EclipseLogger - Using platform encoding (UTF-8 actually) to copy filtered resources, i.e. build is platform dependent!
2016-01-19 15:46:20,981 [Worker-26] INFO  o.e.m.c.i.embedder.EclipseLogger - skip non existing resourceDirectory /Users/OneDeep/Documents/Capstone/capstone/capstone/src/main/resources
2016-01-19 15:46:20,983 [Worker-26] WARN  o.e.m.c.i.embedder.EclipseLogger - Using platform encoding (UTF-8 actually) to copy filtered resources, i.e. build is platform dependent!
2016-01-19 15:46:20,984 [Worker-26] INFO  o.e.m.c.i.embedder.EclipseLogger - skip non existing resourceDirectory /Users/OneDeep/Documents/Capstone/capstone/capstone/src/test/resources
2016-01-19 15:46:23,459 [Worker-26] WARN  o.e.m.c.i.embedder.EclipseLogger - Using platform encoding (UTF-8 actually) to copy filtered resources, i.e. build is platform dependent!
2016-01-19 15:46:23,460 [Worker-26] INFO  o.e.m.c.i.embedder.EclipseLogger - skip non existing resourceDirectory /Users/OneDeep/Documents/Capstone/capstone/capstone/src/main/resources
2016-01-19 15:46:23,462 [Worker-26] WARN  o.e.m.c.i.embedder.EclipseLogger - Using platform encoding (UTF-8 actually) to copy filtered resources, i.e. build is platform dependent!
2016-01-19 15:46:23,464 [Worker-26] INFO  o.e.m.c.i.embedder.EclipseLogger - skip non existing resourceDirectory /Users/OneDeep/Documents/Capstone/capstone/capstone/src/test/resources
2016-01-19 15:47:38,687 [Worker-26] WARN  o.e.m.c.i.embedder.EclipseLogger - Using platform encoding (UTF-8 actually) to copy filtered resources, i.e. build is platform dependent!
2016-01-19 15:47:38,688 [Worker-26] INFO  o.e.m.c.i.embedder.EclipseLogger - skip non existing resourceDirectory /Users/OneDeep/Documents/Capstone/capstone/capstone/src/main/resources
2016-01-19 15:47:38,690 [Worker-26] WARN  o.e.m.c.i.embedder.EclipseLogger - Using platform encoding (UTF-8 actually) to copy filtered resources, i.e. build is platform dependent!
2016-01-19 15:47:38,691 [Worker-26] INFO  o.e.m.c.i.embedder.EclipseLogger - skip non existing resourceDirectory /Users/OneDeep/Documents/Capstone/capstone/capstone/src/test/resources
2016-01-19 15:56:58,071 [Worker-18] WARN  o.e.m.c.i.embedder.EclipseLogger - Using platform encoding (UTF-8 actually) to copy filtered resources, i.e. build is platform dependent!
2016-01-19 15:56:58,074 [Worker-18] INFO  o.e.m.c.i.embedder.EclipseLogger - skip non existing resourceDirectory /Users/OneDeep/Documents/Capstone/capstone/capstone/src/main/resources
2016-01-19 15:56:58,085 [Worker-18] WARN  o.e.m.c.i.embedder.EclipseLogger - Using platform encoding (UTF-8 actually) to copy filtered resources, i.e. build is platform dependent!
2016-01-19 15:56:58,092 [Worker-18] INFO  o.e.m.c.i.embedder.EclipseLogger - skip non existing resourceDirectory /Users/OneDeep/Documents/Capstone/capstone/capstone/src/test/resources
2016-01-19 16:02:41,308 [Worker-24] WARN  o.e.m.c.i.embedder.EclipseLogger - Using platform encoding (UTF-8 actually) to copy filtered resources, i.e. build is platform dependent!
2016-01-19 16:02:41,326 [Worker-24] INFO  o.e.m.c.i.embedder.EclipseLogger - skip non existing resourceDirectory /Users/OneDeep/Documents/Capstone/capstone/capstone/src/main/resources
2016-01-19 16:02:41,327 [Worker-24] WARN  o.e.m.c.i.embedder.EclipseLogger - Using platform encoding (UTF-8 actually) to copy filtered resources, i.e. build is platform dependent!
2016-01-19 16:02:41,332 [Worker-24] INFO  o.e.m.c.i.embedder.EclipseLogger - skip non existing resourceDirectory /Users/OneDeep/Documents/Capstone/capstone/capstone/src/test/resources
2016-01-19 16:16:14,639 [Worker-18] WARN  o.e.m.c.i.embedder.EclipseLogger - Using platform encoding (UTF-8 actually) to copy filtered resources, i.e. build is platform dependent!
2016-01-19 16:16:14,644 [Worker-18] INFO  o.e.m.c.i.embedder.EclipseLogger - skip non existing resourceDirectory /Users/OneDeep/Documents/Capstone/capstone/capstone/src/main/resources
2016-01-19 16:16:14,646 [Worker-18] WARN  o.e.m.c.i.embedder.EclipseLogger - Using platform encoding (UTF-8 actually) to copy filtered resources, i.e. build is platform dependent!
2016-01-19 16:16:14,647 [Worker-18] INFO  o.e.m.c.i.embedder.EclipseLogger - skip non existing resourceDirectory /Users/OneDeep/Documents/Capstone/capstone/capstone/src/test/resources
2016-01-19 16:24:58,122 [Worker-26] WARN  o.e.m.c.i.embedder.EclipseLogger - Using platform encoding (UTF-8 actually) to copy filtered resources, i.e. build is platform dependent!
2016-01-19 16:24:58,124 [Worker-26] INFO  o.e.m.c.i.embedder.EclipseLogger - skip non existing resourceDirectory /Users/OneDeep/Documents/Capstone/capstone/capstone/src/main/resources
2016-01-19 16:24:58,127 [Worker-26] WARN  o.e.m.c.i.embedder.EclipseLogger - Using platform encoding (UTF-8 actually) to copy filtered resources, i.e. build is platform dependent!
2016-01-19 16:24:58,128 [Worker-26] INFO  o.e.m.c.i.embedder.EclipseLogger - skip non existing resourceDirectory /Users/OneDeep/Documents/Capstone/capstone/capstone/src/test/resources
2016-01-19 16:26:01,795 [Worker-29] WARN  o.e.m.c.i.embedder.EclipseLogger - Using platform encoding (UTF-8 actually) to copy filtered resources, i.e. build is platform dependent!
2016-01-19 16:26:01,796 [Worker-29] INFO  o.e.m.c.i.embedder.EclipseLogger - skip non existing resourceDirectory /Users/OneDeep/Documents/Capstone/capstone/capstone/src/main/resources
2016-01-19 16:26:01,798 [Worker-29] WARN  o.e.m.c.i.embedder.EclipseLogger - Using platform encoding (UTF-8 actually) to copy filtered resources, i.e. build is platform dependent!
2016-01-19 16:26:01,799 [Worker-29] INFO  o.e.m.c.i.embedder.EclipseLogger - skip non existing resourceDirectory /Users/OneDeep/Documents/Capstone/capstone/capstone/src/test/resources
